<?xml version="1.0" encoding="UTF-8"?>
<testsuite xmlns:xsi="http://www.w3.org/2001/XMLSchema-instance" xsi:noNamespaceSchemaLocation="https://maven.apache.org/surefire/maven-surefire-plugin/xsd/surefire-test-report.xsd" version="3.0.2" name="com.ruipeng.planner.PersonalFinancialPlannerApplicationTests" time="8.012" tests="1" errors="0" skipped="0" failures="0">
  <properties>
[...]
</properties>
  <testcase name="contextLoads" classname="com.ruipeng.planner.PersonalFinancialPlannerApplicationTests" time="0.71">
    <system-out><![CDATA[15:36:36.200 [main] INFO org.springframework.test.context.support.AnnotationConfigContextLoaderUtils -- Could not detect default configuration classes for test class [com.ruipeng.planner.PersonalFinancialPlannerApplicationTests]: PersonalFinancialPlannerApplicationTests does not declare any static, non-private, non-final, nested classes annotated with @Configuration.
15:36:36.306 [main] INFO org.springframework.boot.test.context.SpringBootTestContextBootstrapper -- Found @SpringBootConfiguration com.ruipeng.planner.PersonalFinancialPlannerApplication for test class com.ruipeng.planner.PersonalFinancialPlannerApplicationTests
15:36:36.456 [main] INFO org.springframework.boot.devtools.restart.RestartApplicationListener -- Restart disabled due to context in which it is running

  .   ____          _            __ _ _
 /\\ / ___'_ __ _ _(_)_ __  __ _ \ \ \ \
( ( )\___ | '_ | '_| | '_ \/ _` | \ \ \ \
 \\/  ___)| |_)| | | | | || (_| |  ) ) ) )
  '  |____| .__|_| |_|_| |_\__, | / / / /
 =========|_|==============|___/=/_/_/_/

 :: Spring Boot ::                (v3.4.5)

2025-05-20T15:36:36.843+01:00  INFO 18412 --- [PersonalFinancialPlanner] [           main] PersonalFinancialPlannerApplicationTests : Starting PersonalFinancialPlannerApplicationTests using Java 22.0.2 with PID 18412 (started by A in E:\personal-financial-planner\backend)
2025-05-20T15:36:36.844+01:00  INFO 18412 --- [PersonalFinancialPlanner] [           main] PersonalFinancialPlannerApplicationTests : No active profile set, falling back to 1 default profile: "default"
2025-05-20T15:36:37.639+01:00  INFO 18412 --- [PersonalFinancialPlanner] [           main] .s.d.r.c.RepositoryConfigurationDelegate : Bootstrapping Spring Data JPA repositories in DEFAULT mode.
2025-05-20T15:36:37.714+01:00  INFO 18412 --- [PersonalFinancialPlanner] [           main] .s.d.r.c.RepositoryConfigurationDelegate : Finished Spring Data repository scanning in 65 ms. Found 6 JPA repository interfaces.
2025-05-20T15:36:37.934+01:00  INFO 18412 --- [PersonalFinancialPlanner] [           main] o.s.c.a.ConfigurationClassEnhancer       : @Bean method DotenvConfig.propertySourcesPlaceholderConfigurer is non-static and returns an object assignable to Spring's BeanFactoryPostProcessor interface. This will result in a failure to process annotations such as @Autowired, @Resource and @PostConstruct within the method's declaring @Configuration class. Add the 'static' modifier to this method to avoid these container lifecycle issues; see @Bean javadoc for complete details.
2025-05-20T15:36:38.374+01:00  INFO 18412 --- [PersonalFinancialPlanner] [           main] o.hibernate.jpa.internal.util.LogHelper  : HHH000204: Processing PersistenceUnitInfo [name: default]
2025-05-20T15:36:38.431+01:00  INFO 18412 --- [PersonalFinancialPlanner] [           main] org.hibernate.Version                    : HHH000412: Hibernate ORM core version 6.6.13.Final
2025-05-20T15:36:38.465+01:00  INFO 18412 --- [PersonalFinancialPlanner] [           main] o.h.c.internal.RegionFactoryInitiator    : HHH000026: Second-level cache disabled
2025-05-20T15:36:38.794+01:00  INFO 18412 --- [PersonalFinancialPlanner] [           main] o.s.o.j.p.SpringPersistenceUnitInfo      : No LoadTimeWeaver setup: ignoring JPA class transformer
2025-05-20T15:36:38.825+01:00  INFO 18412 --- [PersonalFinancialPlanner] [           main] com.zaxxer.hikari.HikariDataSource       : HikariPool-1 - Starting...
2025-05-20T15:36:39.102+01:00  INFO 18412 --- [PersonalFinancialPlanner] [           main] com.zaxxer.hikari.pool.HikariPool        : HikariPool-1 - Added connection org.postgresql.jdbc.PgConnection@4768b95c
2025-05-20T15:36:39.104+01:00  INFO 18412 --- [PersonalFinancialPlanner] [           main] com.zaxxer.hikari.HikariDataSource       : HikariPool-1 - Start completed.
2025-05-20T15:36:39.140+01:00  WARN 18412 --- [PersonalFinancialPlanner] [           main] org.hibernate.orm.deprecation            : HHH90000025: PostgreSQLDialect does not need to be specified explicitly using 'hibernate.dialect' (remove the property setting and it will be selected by default)
2025-05-20T15:36:39.159+01:00  INFO 18412 --- [PersonalFinancialPlanner] [           main] org.hibernate.orm.connections.pooling    : HHH10001005: Database info:
	Database JDBC URL [Connecting through datasource 'HikariDataSource (HikariPool-1)']
	Database driver: undefined/unknown
	Database version: 17.0
	Autocommit mode: undefined/unknown
	Isolation level: undefined/unknown
	Minimum pool size: undefined/unknown
	Maximum pool size: undefined/unknown
2025-05-20T15:36:40.251+01:00  INFO 18412 --- [PersonalFinancialPlanner] [           main] o.h.e.t.j.p.i.JtaPlatformInitiator       : HHH000489: No JTA platform available (set 'hibernate.transaction.jta.platform' to enable JTA platform integration)
2025-05-20T15:36:40.841+01:00  INFO 18412 --- [PersonalFinancialPlanner] [           main] j.LocalContainerEntityManagerFactoryBean : Initialized JPA EntityManagerFactory for persistence unit 'default'
2025-05-20T15:36:41.152+01:00  INFO 18412 --- [PersonalFinancialPlanner] [           main] o.s.d.j.r.query.QueryEnhancerFactory     : Hibernate is in classpath; If applicable, HQL parser will be used.
2025-05-20T15:36:41.907+01:00  WARN 18412 --- [PersonalFinancialPlanner] [           main] ion$DefaultTemplateResolverConfiguration : Cannot find template location: classpath:/templates/ (please add some templates, check your Thymeleaf configuration, or set spring.thymeleaf.check-template-location=false)
2025-05-20T15:36:41.990+01:00  INFO 18412 --- [PersonalFinancialPlanner] [           main] eAuthenticationProviderManagerConfigurer : Global AuthenticationManager configured with AuthenticationProvider bean with name authenticationProvider
2025-05-20T15:36:41.991+01:00  WARN 18412 --- [PersonalFinancialPlanner] [           main] r$InitializeUserDetailsManagerConfigurer : Global AuthenticationManager configured with an AuthenticationProvider bean. UserDetailsService beans will not be used by Spring Security for automatically configuring username/password login. Consider removing the AuthenticationProvider bean. Alternatively, consider using the UserDetailsService in a manually instantiated DaoAuthenticationProvider. If the current configuration is intentional, to turn off this warning, increase the logging level of 'org.springframework.security.config.annotation.authentication.configuration.InitializeUserDetailsBeanManagerConfigurer' to ERROR
2025-05-20T15:36:42.383+01:00  WARN 18412 --- [PersonalFinancialPlanner] [           main] JpaBaseConfiguration$JpaWebConfiguration : spring.jpa.open-in-view is enabled by default. Therefore, database queries may be performed during view rendering. Explicitly configure spring.jpa.open-in-view to disable this warning
2025-05-20T15:36:43.358+01:00  INFO 18412 --- [PersonalFinancialPlanner] [           main] PersonalFinancialPlannerApplicationTests : Started PersonalFinancialPlannerApplicationTests in 6.916 seconds (process running for 7.888)
]]></system-out>
    <system-err><![CDATA[Mockito is currently self-attaching to enable the inline-mock-maker. This will no longer work in future releases of the JDK. Please add Mockito as an agent to your build what is described in Mockito's documentation: https://javadoc.io/doc/org.mockito/mockito-core/latest/org/mockito/Mockito.html#0.3
WARNING: A Java agent has been loaded dynamically (C:\Users\A\.m2\repository\net\bytebuddy\byte-buddy-agent\1.15.11\byte-buddy-agent-1.15.11.jar)
WARNING: If a serviceability tool is in use, please run with -XX:+EnableDynamicAgentLoading to hide this warning
WARNING: If a serviceability tool is not in use, please run with -Djdk.instrument.traceUsage for more information
WARNING: Dynamic loading of agents will be disallowed by default in a future release
]]></system-err>
  </testcase>
</testsuite>